{"C:\\Programacion\\power-struggle\\serverPS\\src\\db.ts": {"path":"C:\\Programacion\\power-struggle\\serverPS\\src\\db.ts","statementMap":{"0":{"start":{"line":3,"column":0},"end":{"line":3,"column":15}},"1":{"start":{"line":5,"column":60},"end":{"line":5,"column":71}},"2":{"start":{"line":6,"column":25},"end":{"line":13,"column":2}}},"fnMap":{},"branchMap":{},"s":{"0":1,"1":1,"2":1},"f":{},"b":{},"_coverageSchema":"1a1c01bbd47fc00a2c39e90264f33305004495a9","hash":"a3090d6ef09c83e32ce2bbf1ab387672fcb39c72"}
,"C:\\Programacion\\power-struggle\\serverPS\\src\\server.ts": {"path":"C:\\Programacion\\power-struggle\\serverPS\\src\\server.ts","statementMap":{"0":{"start":{"line":7,"column":28},"end":{"line":7,"column":37}},"1":{"start":{"line":8,"column":0},"end":{"line":8,"column":16}},"2":{"start":{"line":9,"column":0},"end":{"line":9,"column":66}},"3":{"start":{"line":10,"column":0},"end":{"line":10,"column":44}},"4":{"start":{"line":11,"column":0},"end":{"line":11,"column":27}},"5":{"start":{"line":12,"column":0},"end":{"line":12,"column":26}},"6":{"start":{"line":14,"column":0},"end":{"line":21,"column":2}},"7":{"start":{"line":28,"column":0},"end":{"line":33,"column":3}},"8":{"start":{"line":29,"column":17},"end":{"line":29,"column":34}},"9":{"start":{"line":30,"column":18},"end":{"line":30,"column":36}},"10":{"start":{"line":31,"column":2},"end":{"line":31,"column":21}},"11":{"start":{"line":32,"column":2},"end":{"line":32,"column":35}},"12":{"start":{"line":35,"column":0},"end":{"line":35,"column":19}}},"fnMap":{"0":{"name":"(anonymous_0)","decl":{"start":{"line":28,"column":11},"end":{"line":28,"column":12}},"loc":{"start":{"line":28,"column":74},"end":{"line":33,"column":1}},"line":28}},"branchMap":{"0":{"loc":{"start":{"line":29,"column":17},"end":{"line":29,"column":34}},"type":"binary-expr","locations":[{"start":{"line":29,"column":17},"end":{"line":29,"column":27}},{"start":{"line":29,"column":31},"end":{"line":29,"column":34}}],"line":29},"1":{"loc":{"start":{"line":30,"column":18},"end":{"line":30,"column":36}},"type":"binary-expr","locations":[{"start":{"line":30,"column":18},"end":{"line":30,"column":29}},{"start":{"line":30,"column":33},"end":{"line":30,"column":36}}],"line":30}},"s":{"0":1,"1":1,"2":1,"3":1,"4":1,"5":1,"6":1,"7":1,"8":0,"9":0,"10":0,"11":0,"12":1},"f":{"0":0},"b":{"0":[0,0],"1":[0,0]},"_coverageSchema":"1a1c01bbd47fc00a2c39e90264f33305004495a9","hash":"94671daef2c50590cd00284b4816c9f4201ebd20"}
,"C:\\Programacion\\power-struggle\\serverPS\\src\\controller\\authC.ts": {"path":"C:\\Programacion\\power-struggle\\serverPS\\src\\controller\\authC.ts","statementMap":{"0":{"start":{"line":5,"column":23},"end":{"line":34,"column":1}},"1":{"start":{"line":6,"column":2},"end":{"line":33,"column":3}},"2":{"start":{"line":7,"column":33},"end":{"line":7,"column":38}},"3":{"start":{"line":8,"column":17},"end":{"line":11,"column":6}},"4":{"start":{"line":12,"column":4},"end":{"line":16,"column":5}},"5":{"start":{"line":13,"column":6},"end":{"line":15,"column":8}},"6":{"start":{"line":17,"column":26},"end":{"line":17,"column":71}},"7":{"start":{"line":18,"column":4},"end":{"line":20,"column":5}},"8":{"start":{"line":19,"column":6},"end":{"line":19,"column":52}},"9":{"start":{"line":21,"column":20},"end":{"line":28,"column":5}},"10":{"start":{"line":29,"column":18},"end":{"line":29,"column":40}},"11":{"start":{"line":30,"column":4},"end":{"line":30,"column":17}},"12":{"start":{"line":32,"column":4},"end":{"line":32,"column":54}}},"fnMap":{"0":{"name":"(anonymous_0)","decl":{"start":{"line":5,"column":23},"end":{"line":5,"column":24}},"loc":{"start":{"line":5,"column":79},"end":{"line":34,"column":1}},"line":5}},"branchMap":{"0":{"loc":{"start":{"line":12,"column":4},"end":{"line":16,"column":5}},"type":"if","locations":[{"start":{"line":12,"column":4},"end":{"line":16,"column":5}},{"start":{},"end":{}}],"line":12},"1":{"loc":{"start":{"line":18,"column":4},"end":{"line":20,"column":5}},"type":"if","locations":[{"start":{"line":18,"column":4},"end":{"line":20,"column":5}},{"start":{},"end":{}}],"line":18}},"s":{"0":1,"1":1,"2":1,"3":1,"4":0,"5":0,"6":0,"7":0,"8":0,"9":0,"10":0,"11":0,"12":1},"f":{"0":1},"b":{"0":[0,0],"1":[0,0]},"_coverageSchema":"1a1c01bbd47fc00a2c39e90264f33305004495a9","hash":"eb32fd99a4ce30deff5126c0de3881bcc1563042"}
,"C:\\Programacion\\power-struggle\\serverPS\\src\\controller\\registerC.ts": {"path":"C:\\Programacion\\power-struggle\\serverPS\\src\\controller\\registerC.ts","statementMap":{"0":{"start":{"line":5,"column":24},"end":{"line":39,"column":1}},"1":{"start":{"line":6,"column":2},"end":{"line":38,"column":3}},"2":{"start":{"line":7,"column":4},"end":{"line":12,"column":5}},"3":{"start":{"line":11,"column":6},"end":{"line":11,"column":24}},"4":{"start":{"line":13,"column":23},"end":{"line":13,"column":75}},"5":{"start":{"line":14,"column":4},"end":{"line":35,"column":5}},"6":{"start":{"line":15,"column":6},"end":{"line":15,"column":54}},"7":{"start":{"line":17,"column":23},"end":{"line":17,"column":36}},"8":{"start":{"line":18,"column":25},"end":{"line":18,"column":27}},"9":{"start":{"line":19,"column":6},"end":{"line":30,"column":7}},"10":{"start":{"line":20,"column":31},"end":{"line":28,"column":8}},"11":{"start":{"line":21,"column":10},"end":{"line":27,"column":13}},"12":{"start":{"line":22,"column":14},"end":{"line":26,"column":15}},"13":{"start":{"line":23,"column":18},"end":{"line":23,"column":30}},"14":{"start":{"line":25,"column":18},"end":{"line":25,"column":32}},"15":{"start":{"line":29,"column":6},"end":{"line":29,"column":36}},"16":{"start":{"line":31,"column":22},"end":{"line":31,"column":53}},"17":{"start":{"line":32,"column":6},"end":{"line":34,"column":8}},"18":{"start":{"line":37,"column":4},"end":{"line":37,"column":56}},"19":{"start":{"line":41,"column":26},"end":{"line":50,"column":1}},"20":{"start":{"line":42,"column":2},"end":{"line":49,"column":3}},"21":{"start":{"line":43,"column":18},"end":{"line":45,"column":6}},"22":{"start":{"line":46,"column":4},"end":{"line":46,"column":17}},"23":{"start":{"line":48,"column":4},"end":{"line":48,"column":56}}},"fnMap":{"0":{"name":"(anonymous_0)","decl":{"start":{"line":5,"column":24},"end":{"line":5,"column":25}},"loc":{"start":{"line":5,"column":47},"end":{"line":39,"column":1}},"line":5},"1":{"name":"(anonymous_1)","decl":{"start":{"line":20,"column":57},"end":{"line":20,"column":58}},"loc":{"start":{"line":20,"column":78},"end":{"line":28,"column":7}},"line":20},"2":{"name":"(anonymous_2)","decl":{"start":{"line":21,"column":44},"end":{"line":21,"column":45}},"loc":{"start":{"line":21,"column":81},"end":{"line":27,"column":11}},"line":21},"3":{"name":"(anonymous_3)","decl":{"start":{"line":41,"column":26},"end":{"line":41,"column":27}},"loc":{"start":{"line":41,"column":38},"end":{"line":50,"column":1}},"line":41}},"branchMap":{"0":{"loc":{"start":{"line":7,"column":4},"end":{"line":12,"column":5}},"type":"if","locations":[{"start":{"line":7,"column":4},"end":{"line":12,"column":5}},{"start":{},"end":{}}],"line":7},"1":{"loc":{"start":{"line":8,"column":6},"end":{"line":9,"column":49}},"type":"binary-expr","locations":[{"start":{"line":8,"column":6},"end":{"line":8,"column":45}},{"start":{"line":9,"column":6},"end":{"line":9,"column":49}}],"line":8},"2":{"loc":{"start":{"line":14,"column":4},"end":{"line":35,"column":5}},"type":"if","locations":[{"start":{"line":14,"column":4},"end":{"line":35,"column":5}},{"start":{"line":16,"column":11},"end":{"line":35,"column":5}}],"line":14},"3":{"loc":{"start":{"line":19,"column":6},"end":{"line":30,"column":7}},"type":"if","locations":[{"start":{"line":19,"column":6},"end":{"line":30,"column":7}},{"start":{},"end":{}}],"line":19},"4":{"loc":{"start":{"line":22,"column":14},"end":{"line":26,"column":15}},"type":"if","locations":[{"start":{"line":22,"column":14},"end":{"line":26,"column":15}},{"start":{"line":24,"column":21},"end":{"line":26,"column":15}}],"line":22}},"s":{"0":1,"1":2,"2":2,"3":0,"4":2,"5":0,"6":0,"7":0,"8":0,"9":0,"10":0,"11":0,"12":0,"13":0,"14":0,"15":0,"16":0,"17":0,"18":2,"19":1,"20":1,"21":1,"22":0,"23":1},"f":{"0":2,"1":0,"2":0,"3":1},"b":{"0":[0,2],"1":[2,0],"2":[0,0],"3":[0,0],"4":[0,0]},"_coverageSchema":"1a1c01bbd47fc00a2c39e90264f33305004495a9","hash":"eb2ba09709f5e06a9b51313ba92dd35a204e34e8"}
,"C:\\Programacion\\power-struggle\\serverPS\\src\\jwt\\jwt.ts": {"path":"C:\\Programacion\\power-struggle\\serverPS\\src\\jwt\\jwt.ts","statementMap":{"0":{"start":{"line":4,"column":0},"end":{"line":4,"column":16}},"1":{"start":{"line":6,"column":18},"end":{"line":6,"column":39}},"2":{"start":{"line":8,"column":29},"end":{"line":11,"column":1}},"3":{"start":{"line":10,"column":2},"end":{"line":10,"column":60}},"4":{"start":{"line":13,"column":27},"end":{"line":23,"column":1}},"5":{"start":{"line":14,"column":2},"end":{"line":22,"column":5}},"6":{"start":{"line":15,"column":4},"end":{"line":21,"column":7}},"7":{"start":{"line":16,"column":6},"end":{"line":20,"column":7}},"8":{"start":{"line":17,"column":8},"end":{"line":17,"column":28}},"9":{"start":{"line":19,"column":8},"end":{"line":19,"column":25}}},"fnMap":{"0":{"name":"(anonymous_0)","decl":{"start":{"line":8,"column":29},"end":{"line":8,"column":30}},"loc":{"start":{"line":8,"column":58},"end":{"line":11,"column":1}},"line":8},"1":{"name":"(anonymous_1)","decl":{"start":{"line":13,"column":27},"end":{"line":13,"column":28}},"loc":{"start":{"line":13,"column":60},"end":{"line":23,"column":1}},"line":13},"2":{"name":"(anonymous_2)","decl":{"start":{"line":14,"column":21},"end":{"line":14,"column":22}},"loc":{"start":{"line":14,"column":42},"end":{"line":22,"column":3}},"line":14},"3":{"name":"(anonymous_3)","decl":{"start":{"line":15,"column":54},"end":{"line":15,"column":55}},"loc":{"start":{"line":15,"column":113},"end":{"line":21,"column":5}},"line":15}},"branchMap":{"0":{"loc":{"start":{"line":16,"column":6},"end":{"line":20,"column":7}},"type":"if","locations":[{"start":{"line":16,"column":6},"end":{"line":20,"column":7}},{"start":{"line":18,"column":13},"end":{"line":20,"column":7}}],"line":16}},"s":{"0":1,"1":1,"2":1,"3":0,"4":1,"5":0,"6":0,"7":0,"8":0,"9":0},"f":{"0":0,"1":0,"2":0,"3":0},"b":{"0":[0,0]},"_coverageSchema":"1a1c01bbd47fc00a2c39e90264f33305004495a9","hash":"8235f6aa093d035eaacc171475f504cf05a4dcb1"}
,"C:\\Programacion\\power-struggle\\serverPS\\src\\models\\User.ts": {"path":"C:\\Programacion\\power-struggle\\serverPS\\src\\models\\User.ts","statementMap":{"0":{"start":{"line":74,"column":4},"end":{"line":74,"column":23}},"1":{"start":{"line":77,"column":20},"end":{"line":77,"column":29}},"2":{"start":{"line":81,"column":19},"end":{"line":81,"column":28}}},"fnMap":{"0":{"name":"(anonymous_0)","decl":{"start":{"line":73,"column":2},"end":{"line":73,"column":3}},"loc":{"start":{"line":73,"column":17},"end":{"line":75,"column":3}},"line":73},"1":{"name":"(anonymous_1)","decl":{"start":{"line":77,"column":14},"end":{"line":77,"column":15}},"loc":{"start":{"line":77,"column":20},"end":{"line":77,"column":29}},"line":77},"2":{"name":"(anonymous_2)","decl":{"start":{"line":81,"column":13},"end":{"line":81,"column":14}},"loc":{"start":{"line":81,"column":19},"end":{"line":81,"column":28}},"line":81}},"branchMap":{},"s":{"0":0,"1":1,"2":2},"f":{"0":0,"1":1,"2":2},"b":{},"_coverageSchema":"1a1c01bbd47fc00a2c39e90264f33305004495a9","hash":"76ae2be07fb4b388850c5baee825bd504b1f4fdf"}
,"C:\\Programacion\\power-struggle\\serverPS\\src\\models\\UserStore.ts": {"path":"C:\\Programacion\\power-struggle\\serverPS\\src\\models\\UserStore.ts","statementMap":{"0":{"start":{"line":66,"column":4},"end":{"line":66,"column":23}},"1":{"start":{"line":69,"column":20},"end":{"line":69,"column":24}},"2":{"start":{"line":73,"column":19},"end":{"line":73,"column":23}}},"fnMap":{"0":{"name":"(anonymous_0)","decl":{"start":{"line":65,"column":2},"end":{"line":65,"column":3}},"loc":{"start":{"line":65,"column":17},"end":{"line":67,"column":3}},"line":65},"1":{"name":"(anonymous_1)","decl":{"start":{"line":69,"column":14},"end":{"line":69,"column":15}},"loc":{"start":{"line":69,"column":20},"end":{"line":69,"column":24}},"line":69},"2":{"name":"(anonymous_2)","decl":{"start":{"line":73,"column":13},"end":{"line":73,"column":14}},"loc":{"start":{"line":73,"column":19},"end":{"line":73,"column":23}},"line":73}},"branchMap":{},"s":{"0":0,"1":1,"2":2},"f":{"0":0,"1":1,"2":2},"b":{},"_coverageSchema":"1a1c01bbd47fc00a2c39e90264f33305004495a9","hash":"14667da4f2390373423cc008a3094e4a150d560c"}
,"C:\\Programacion\\power-struggle\\serverPS\\src\\routers\\authR.ts": {"path":"C:\\Programacion\\power-struggle\\serverPS\\src\\routers\\authR.ts","statementMap":{"0":{"start":{"line":2,"column":15},"end":{"line":2,"column":23}},"1":{"start":{"line":5,"column":0},"end":{"line":18,"column":3}},"2":{"start":{"line":6,"column":16},"end":{"line":6,"column":24}},"3":{"start":{"line":7,"column":2},"end":{"line":17,"column":3}},"4":{"start":{"line":8,"column":18},"end":{"line":8,"column":38}},"5":{"start":{"line":9,"column":4},"end":{"line":14,"column":5}},"6":{"start":{"line":10,"column":6},"end":{"line":10,"column":46}},"7":{"start":{"line":12,"column":4},"end":{"line":12,"column":68}},"8":{"start":{"line":13,"column":4},"end":{"line":13,"column":48}},"9":{"start":{"line":16,"column":4},"end":{"line":16,"column":38}}},"fnMap":{"0":{"name":"(anonymous_0)","decl":{"start":{"line":5,"column":17},"end":{"line":5,"column":18}},"loc":{"start":{"line":5,"column":56},"end":{"line":18,"column":1}},"line":5}},"branchMap":{"0":{"loc":{"start":{"line":9,"column":4},"end":{"line":14,"column":5}},"type":"if","locations":[{"start":{"line":9,"column":4},"end":{"line":14,"column":5}},{"start":{"line":11,"column":11},"end":{"line":14,"column":5}}],"line":9},"1":{"loc":{"start":{"line":9,"column":8},"end":{"line":9,"column":42}},"type":"binary-expr","locations":[{"start":{"line":9,"column":8},"end":{"line":9,"column":13}},{"start":{"line":9,"column":17},"end":{"line":9,"column":42}}],"line":9}},"s":{"0":1,"1":1,"2":1,"3":1,"4":1,"5":1,"6":1,"7":0,"8":0,"9":0},"f":{"0":1},"b":{"0":[1,0],"1":[1,1]},"_coverageSchema":"1a1c01bbd47fc00a2c39e90264f33305004495a9","hash":"42eeb0219a3302b68e5c5acb3029a22157e01a07"}
,"C:\\Programacion\\power-struggle\\serverPS\\src\\routers\\registerR.ts": {"path":"C:\\Programacion\\power-struggle\\serverPS\\src\\routers\\registerR.ts","statementMap":{"0":{"start":{"line":2,"column":15},"end":{"line":2,"column":23}},"1":{"start":{"line":6,"column":0},"end":{"line":37,"column":3}},"2":{"start":{"line":7,"column":2},"end":{"line":36,"column":3}},"3":{"start":{"line":8,"column":24},"end":{"line":8,"column":32}},"4":{"start":{"line":9,"column":4},"end":{"line":31,"column":5}},"5":{"start":{"line":16,"column":6},"end":{"line":16,"column":26}},"6":{"start":{"line":17,"column":6},"end":{"line":17,"column":19}},"7":{"start":{"line":18,"column":6},"end":{"line":18,"column":19}},"8":{"start":{"line":19,"column":6},"end":{"line":19,"column":21}},"9":{"start":{"line":20,"column":6},"end":{"line":20,"column":21}},"10":{"start":{"line":21,"column":6},"end":{"line":21,"column":38}},"11":{"start":{"line":22,"column":22},"end":{"line":22,"column":42}},"12":{"start":{"line":23,"column":6},"end":{"line":25,"column":7}},"13":{"start":{"line":24,"column":8},"end":{"line":24,"column":44}},"14":{"start":{"line":26,"column":6},"end":{"line":28,"column":7}},"15":{"start":{"line":27,"column":8},"end":{"line":27,"column":69}},"16":{"start":{"line":30,"column":6},"end":{"line":30,"column":78}},"17":{"start":{"line":33,"column":4},"end":{"line":35,"column":76}},"18":{"start":{"line":39,"column":0},"end":{"line":46,"column":2}},"19":{"start":{"line":40,"column":2},"end":{"line":45,"column":3}},"20":{"start":{"line":41,"column":18},"end":{"line":41,"column":36}},"21":{"start":{"line":42,"column":4},"end":{"line":42,"column":38}},"22":{"start":{"line":44,"column":4},"end":{"line":44,"column":38}}},"fnMap":{"0":{"name":"(anonymous_0)","decl":{"start":{"line":6,"column":17},"end":{"line":6,"column":18}},"loc":{"start":{"line":6,"column":56},"end":{"line":37,"column":1}},"line":6},"1":{"name":"(anonymous_1)","decl":{"start":{"line":39,"column":16},"end":{"line":39,"column":17}},"loc":{"start":{"line":39,"column":53},"end":{"line":46,"column":1}},"line":39}},"branchMap":{"0":{"loc":{"start":{"line":9,"column":4},"end":{"line":31,"column":5}},"type":"if","locations":[{"start":{"line":9,"column":4},"end":{"line":31,"column":5}},{"start":{"line":29,"column":11},"end":{"line":31,"column":5}}],"line":9},"1":{"loc":{"start":{"line":10,"column":6},"end":{"line":14,"column":20}},"type":"binary-expr","locations":[{"start":{"line":10,"column":6},"end":{"line":10,"column":21}},{"start":{"line":11,"column":6},"end":{"line":11,"column":17}},{"start":{"line":12,"column":6},"end":{"line":12,"column":20}},{"start":{"line":13,"column":6},"end":{"line":13,"column":20}},{"start":{"line":14,"column":6},"end":{"line":14,"column":20}}],"line":10},"2":{"loc":{"start":{"line":23,"column":6},"end":{"line":25,"column":7}},"type":"if","locations":[{"start":{"line":23,"column":6},"end":{"line":25,"column":7}},{"start":{},"end":{}}],"line":23},"3":{"loc":{"start":{"line":26,"column":6},"end":{"line":28,"column":7}},"type":"if","locations":[{"start":{"line":26,"column":6},"end":{"line":28,"column":7}},{"start":{},"end":{}}],"line":26}},"s":{"0":1,"1":1,"2":2,"3":2,"4":2,"5":2,"6":2,"7":2,"8":2,"9":2,"10":2,"11":2,"12":2,"13":0,"14":2,"15":2,"16":0,"17":0,"18":1,"19":1,"20":1,"21":1,"22":0},"f":{"0":2,"1":1},"b":{"0":[2,0],"1":[2,2,2,2,2],"2":[0,2],"3":[2,0]},"_coverageSchema":"1a1c01bbd47fc00a2c39e90264f33305004495a9","hash":"0664f403177a0288eb05e66dd3a0a4a0ac612032"}
,"C:\\Programacion\\power-struggle\\serverPS\\src\\routers\\router.ts": {"path":"C:\\Programacion\\power-struggle\\serverPS\\src\\routers\\router.ts","statementMap":{"0":{"start":{"line":2,"column":15},"end":{"line":2,"column":23}},"1":{"start":{"line":8,"column":13},"end":{"line":8,"column":22}},"2":{"start":{"line":9,"column":13},"end":{"line":9,"column":20}},"3":{"start":{"line":10,"column":13},"end":{"line":14,"column":1}},"4":{"start":{"line":16,"column":0},"end":{"line":16,"column":34}},"5":{"start":{"line":17,"column":0},"end":{"line":17,"column":36}},"6":{"start":{"line":18,"column":0},"end":{"line":18,"column":29}}},"fnMap":{},"branchMap":{},"s":{"0":1,"1":1,"2":1,"3":1,"4":1,"5":1,"6":1},"f":{},"b":{},"_coverageSchema":"1a1c01bbd47fc00a2c39e90264f33305004495a9","hash":"92ecdbe7a29ad16577844659e43f5e43ea6e3277"}
,"C:\\Programacion\\power-struggle\\serverPS\\src\\routers\\routerPing.ts": {"path":"C:\\Programacion\\power-struggle\\serverPS\\src\\routers\\routerPing.ts","statementMap":{"0":{"start":{"line":2,"column":15},"end":{"line":2,"column":23}},"1":{"start":{"line":4,"column":0},"end":{"line":6,"column":3}},"2":{"start":{"line":5,"column":2},"end":{"line":5,"column":62}}},"fnMap":{"0":{"name":"(anonymous_0)","decl":{"start":{"line":4,"column":16},"end":{"line":4,"column":17}},"loc":{"start":{"line":4,"column":55},"end":{"line":6,"column":1}},"line":4}},"branchMap":{},"s":{"0":1,"1":1,"2":1},"f":{"0":1},"b":{},"_coverageSchema":"1a1c01bbd47fc00a2c39e90264f33305004495a9","hash":"7e63d7b037aeb3dcded60c1e8ba255a5d91a8321"}
}
