TN:
SF:src\db.ts
FNF:0
FNH:0
DA:3,2
DA:5,2
DA:6,2
LF:3
LH:3
BRF:0
BRH:0
end_of_record
TN:
SF:src\server.ts
FN:28,(anonymous_0)
FNF:1
FNH:0
FNDA:0,(anonymous_0)
DA:7,1
DA:8,1
DA:9,1
DA:10,1
DA:11,1
DA:12,1
DA:14,1
DA:28,1
DA:29,0
DA:30,0
DA:31,0
DA:32,0
DA:35,1
LF:13
LH:9
BRDA:29,0,0,0
BRDA:29,0,1,0
BRDA:30,1,0,0
BRDA:30,1,1,0
BRF:4
BRH:0
end_of_record
TN:
SF:src\controller\authC.ts
FN:5,(anonymous_0)
FNF:1
FNH:1
FNDA:3,(anonymous_0)
DA:5,1
DA:6,3
DA:7,3
DA:8,3
DA:12,3
DA:13,3
DA:14,1
DA:18,2
DA:22,2
DA:23,1
DA:26,1
DA:34,1
DA:35,1
DA:38,0
LF:14
LH:13
BRDA:13,0,0,1
BRDA:13,0,1,2
BRDA:22,1,0,1
BRDA:22,1,1,1
BRF:4
BRH:4
end_of_record
TN:
SF:src\controller\registerC.ts
FN:5,(anonymous_0)
FN:20,(anonymous_1)
FN:21,(anonymous_2)
FN:41,(anonymous_3)
FNF:4
FNH:4
FNDA:5,(anonymous_0)
FNDA:2,(anonymous_1)
FNDA:2,(anonymous_2)
FNDA:2,(anonymous_3)
DA:5,1
DA:6,5
DA:7,5
DA:11,0
DA:13,5
DA:14,5
DA:15,3
DA:17,2
DA:18,2
DA:19,2
DA:20,2
DA:21,2
DA:22,2
DA:23,0
DA:25,2
DA:29,2
DA:31,2
DA:32,2
DA:37,0
DA:41,1
DA:42,2
DA:43,2
DA:46,2
DA:48,0
LF:24
LH:20
BRDA:7,0,0,0
BRDA:7,0,1,5
BRDA:8,1,0,5
BRDA:8,1,1,0
BRDA:14,2,0,3
BRDA:14,2,1,2
BRDA:19,3,0,2
BRDA:19,3,1,0
BRDA:22,4,0,0
BRDA:22,4,1,2
BRF:10
BRH:6
end_of_record
TN:
SF:src\jwt\jwt.ts
FN:8,(anonymous_0)
FN:13,(anonymous_1)
FN:14,(anonymous_2)
FN:15,(anonymous_3)
FNF:4
FNH:4
FNDA:2,(anonymous_0)
FNDA:2,(anonymous_1)
FNDA:2,(anonymous_2)
FNDA:2,(anonymous_3)
DA:4,2
DA:6,2
DA:8,2
DA:10,2
DA:13,2
DA:14,2
DA:15,2
DA:16,2
DA:17,1
DA:19,1
LF:10
LH:10
BRDA:16,0,0,1
BRDA:16,0,1,1
BRF:2
BRH:2
end_of_record
TN:
SF:src\models\User.ts
FN:73,(anonymous_0)
FN:77,(anonymous_1)
FN:81,(anonymous_2)
FNF:3
FNH:2
FNDA:0,(anonymous_0)
FNDA:2,(anonymous_1)
FNDA:4,(anonymous_2)
DA:74,0
DA:77,2
DA:81,4
LF:3
LH:2
BRF:0
BRH:0
end_of_record
TN:
SF:src\models\UserStore.ts
FN:65,(anonymous_0)
FN:69,(anonymous_1)
FN:73,(anonymous_2)
FNF:3
FNH:2
FNDA:0,(anonymous_0)
FNDA:2,(anonymous_1)
FNDA:4,(anonymous_2)
DA:66,0
DA:69,2
DA:73,4
LF:3
LH:2
BRF:0
BRH:0
end_of_record
TN:
SF:src\routers\authR.ts
FN:5,(anonymous_0)
FNF:1
FNH:1
FNDA:3,(anonymous_0)
DA:2,1
DA:5,1
DA:6,3
DA:7,3
DA:8,3
DA:9,3
DA:10,2
DA:12,1
DA:13,1
DA:16,0
LF:10
LH:9
BRDA:9,0,0,2
BRDA:9,0,1,1
BRDA:9,1,0,3
BRDA:9,1,1,3
BRF:4
BRH:4
end_of_record
TN:
SF:src\routers\registerR.ts
FN:6,(anonymous_0)
FN:38,(anonymous_1)
FNF:2
FNH:2
FNDA:6,(anonymous_0)
FNDA:2,(anonymous_1)
DA:2,1
DA:6,1
DA:7,6
DA:8,6
DA:9,6
DA:16,5
DA:17,5
DA:18,5
DA:19,5
DA:20,5
DA:21,5
DA:22,5
DA:23,5
DA:24,3
DA:26,2
DA:29,1
DA:32,0
DA:38,1
DA:39,2
DA:40,2
DA:41,2
DA:43,0
LF:22
LH:20
BRDA:9,0,0,5
BRDA:9,0,1,1
BRDA:10,1,0,6
BRDA:10,1,1,5
BRDA:10,1,2,5
BRDA:10,1,3,5
BRDA:10,1,4,5
BRDA:23,2,0,3
BRDA:23,2,1,2
BRF:9
BRH:9
end_of_record
TN:
SF:src\routers\router.ts
FNF:0
FNH:0
DA:2,1
DA:8,1
DA:9,1
DA:10,1
DA:16,1
DA:17,1
DA:18,1
LF:7
LH:7
BRF:0
BRH:0
end_of_record
TN:
SF:src\routers\routerPing.ts
FN:4,(anonymous_0)
FNF:1
FNH:1
FNDA:1,(anonymous_0)
DA:2,1
DA:4,1
DA:5,1
LF:3
LH:3
BRF:0
BRH:0
end_of_record
